{"level":"error","message":"authenticate: no user with name das found!","timestamp":"2014-09-14T10:35:32.713Z"}
{"level":"error","message":"authenticate: no user with name das found!","timestamp":"2014-09-14T12:46:26.029Z"}
{"level":"error","message":"authenticate: no user with name dd found!","timestamp":"2014-09-14T12:48:17.685Z"}
{"level":"error","message":"authenticate: no user with name dsa found!","timestamp":"2014-09-14T12:48:58.379Z"}
{"level":"error","message":"authenticate: no user with name ddd found!","timestamp":"2014-09-14T12:52:49.114Z"}
{"level":"error","message":"authenticate: no user with name dsa found!","timestamp":"2014-09-14T13:00:14.756Z"}
{"level":"error","message":"authenticate: no user with name das found!","timestamp":"2014-09-14T13:01:14.764Z"}
{"level":"error","message":"authenticate: no user with name das found!","timestamp":"2014-09-14T13:07:14.150Z"}
{"level":"error","message":"authenticate: no user with name ddd found!","timestamp":"2014-09-14T13:08:14.173Z"}
{"level":"error","message":"authenticate: no user with name dsa found!","timestamp":"2014-09-14T13:08:49.221Z"}
{"level":"error","message":"authenticate(loginName, password, callback): no user with name dsa found!","timestamp":"2014-09-14T13:10:19.600Z"}
{"level":"error","message":"authenticate(loginName, password, callback): no user with name da found","timestamp":"2014-09-14T13:12:19.414Z"}
{"error":{"errno":34,"code":"ENOENT","path":"C:\\Users\\Ullu\\workspace\\cf_homepage\\src\\public\\img\\members\\5433f6a2c2c61b78057f2d1e.png"},"level":"error","message":"storeImage(id, image): Error deleting the file 5433f6a2c2c61b78057f2d1e.png from path ./src/public/img/members/5433f6a2c2c61b78057f2d1e.png","timestamp":"2014-10-07T14:20:18.657Z"}
{"error":null,"level":"error","message":"storeImage(id, image): Error deleting the file 5433f6e9c2c61b78057f2d1f.png from path ./src/public/img/members/5433f6e9c2c61b78057f2d1f.png","timestamp":"2014-10-07T14:21:29.613Z"}
{"error":null,"level":"error","message":"storeImage(id, image): Error deleting the file 5433f77330ff19342c036eea.png from path ./src/public/img/members/5433f77330ff19342c036eea.png","timestamp":"2014-10-07T14:23:47.672Z"}
{"error":null,"level":"error","message":"storeImage(id, image): Error deleting the file 5433f7a430ff19342c036eeb.png from path ./src/public/img/members/5433f7a430ff19342c036eeb.png","timestamp":"2014-10-07T14:24:36.743Z"}
{"error":null,"level":"error","message":"storeImage(id, image): Error deleting the file 5433f804a43e3008145aa362.png from path ./src/public/img/members/5433f804a43e3008145aa362.png","timestamp":"2014-10-07T14:26:12.477Z"}
{"error":null,"level":"error","message":"storeImage(id, image): Error deleting the file 5433f855a0a6d8c000a7777b.png from path ./src/public/img/members/5433f855a0a6d8c000a7777b.png","timestamp":"2014-10-07T14:27:33.760Z"}
{"error":null,"level":"error","message":"storeImage(id, image): Error deleting the file 5433f9373894713c218942b2.png from path ./src/public/img/members/5433f9373894713c218942b2.png","timestamp":"2014-10-07T14:31:19.560Z"}
{"error":null,"level":"error","message":"storeImage(id, image): Error deleting the file 5433f9b03894713c218942b3.png from path ./src/public/img/members/5433f9b03894713c218942b3.png","timestamp":"2014-10-07T14:33:20.537Z"}
{"error":null,"level":"error","message":"storeImage(id, image): Error deleting the file 5433f9d73894713c218942b4.png from path ./src/public/img/members/5433f9d73894713c218942b4.png","timestamp":"2014-10-07T14:33:59.985Z"}
{"error":null,"level":"error","message":"storeImage(id, image): Error deleting the file 5433fa07335daf1c1d48c0a0.png from path ./src/public/img/members/5433fa07335daf1c1d48c0a0.png","timestamp":"2014-10-07T14:34:47.920Z"}
{"error":null,"level":"error","message":"storeImage(id, image): Error deleting the file 5433fad3335daf1c1d48c0a1.png from path ./src/public/img/members/5433fad3335daf1c1d48c0a1.png","timestamp":"2014-10-07T14:38:11.595Z"}
{"error":null,"level":"error","message":"deleteImage(id): Error deleting the file 5433f855a0a6d8c000a7777b.png from path ./src/public/img/members/5433f855a0a6d8c000a7777b.png","timestamp":"2014-10-07T15:03:47.992Z"}
{"error":null,"level":"error","message":"deleteImage(id): Error deleting the file 5433f9373894713c218942b2.png from path ./src/public/img/members/5433f9373894713c218942b2.png","timestamp":"2014-10-07T15:04:16.917Z"}
{"error":null,"level":"error","message":"deleteImage(id): Error deleting the file 5433f9b03894713c218942b3.png from path ./src/public/img/members/5433f9b03894713c218942b3.png","timestamp":"2014-10-07T15:04:17.697Z"}
{"error":null,"level":"error","message":"deleteImage(id): Error deleting the file 5433f9d73894713c218942b4.png from path ./src/public/img/members/5433f9d73894713c218942b4.png","timestamp":"2014-10-07T15:04:19.189Z"}
{"error":null,"level":"error","message":"deleteImage(id): Error deleting the file 5433fa07335daf1c1d48c0a0.png from path ./src/public/img/members/5433fa07335daf1c1d48c0a0.png","timestamp":"2014-10-07T15:04:26.547Z"}
{"error":null,"level":"error","message":"deleteImage(id): Error deleting the file 5433fad3335daf1c1d48c0a1.png from path ./src/public/img/members/5433fad3335daf1c1d48c0a1.png","timestamp":"2014-10-07T15:16:39.613Z"}
{"error":null,"level":"error","message":"storeImage(id, image): Error deleting the file 543403fab61d10dc25459790.png from path ./src/public/img/members/543403fab61d10dc25459790.png","timestamp":"2014-10-07T15:17:14.247Z"}
{"error":null,"level":"error","message":"storeImage(id, image): Error deleting the file 54340405b61d10dc25459791.png from path ./src/public/img/members/54340405b61d10dc25459791.png","timestamp":"2014-10-07T15:17:25.206Z"}
{"error":null,"level":"error","message":"storeImage(id, image): Error deleting the file 5434040bb61d10dc25459792.png from path ./src/public/img/members/5434040bb61d10dc25459792.png","timestamp":"2014-10-07T15:17:31.749Z"}
{"error":null,"level":"error","message":"deleteImage(id): Error deleting the file 54340405b61d10dc25459791.png from path ./src/public/img/members/54340405b61d10dc25459791.png","timestamp":"2014-10-07T15:17:49.032Z"}
{"error":null,"level":"error","message":"deleteImage(id): Error deleting the file 5434040bb61d10dc25459792.png from path ./src/public/img/members/5434040bb61d10dc25459792.png","timestamp":"2014-10-07T15:17:50.743Z"}
{"error":null,"level":"error","message":"storeImage(id, image): Error deleting the file 54340462c4749c0c2aa902aa.png from path ./src/public/img/members/54340462c4749c0c2aa902aa.png","timestamp":"2014-10-07T15:18:59.025Z"}
{"error":null,"level":"error","message":"storeImage(id, image): Error deleting the file 54340482c4749c0c2aa902ab.png from path ./src/public/img/members/54340482c4749c0c2aa902ab.png","timestamp":"2014-10-07T15:19:30.226Z"}
{"error":null,"level":"error","message":"storeImage(id, image): Error deleting the file 543404ed2fce98e024c2194a.png from path ./src/public/img/members/543404ed2fce98e024c2194a.png","timestamp":"2014-10-07T15:21:17.441Z"}
{"error":null,"level":"error","message":"storeImage(id, image): Error deleting the file 543405167a902fa423025ccb.png from path ./src/public/img/members/543405167a902fa423025ccb.png","timestamp":"2014-10-07T15:21:58.312Z"}
{"error":null,"level":"error","message":"storeImage(id, image): Error deleting the file 543405177a902fa423025ccc.png from path ./src/public/img/members/543405177a902fa423025ccc.png","timestamp":"2014-10-07T15:21:59.719Z"}
{"error":null,"level":"error","message":"deleteImage(id): Error deleting the file 543405177a902fa423025ccc.png from path ./src/public/img/members/543405177a902fa423025ccc.png","timestamp":"2014-10-07T15:22:13.580Z"}
{"error":null,"level":"error","message":"storeImage(id, image): Error deleting the file 54340544651bc41405789ffe.png from path ./src/public/img/members/54340544651bc41405789ffe.png","timestamp":"2014-10-07T15:22:44.656Z"}
{"error":null,"level":"error","message":"storeImage(id, image): Error deleting the file 5434124f95b9bd641d30e0ed.png from path ./src/public/img/members/5434124f95b9bd641d30e0ed.png","timestamp":"2014-10-07T16:18:23.740Z"}
{"error":null,"level":"error","message":"storeImage(id, image): Error deleting the file 543403fab61d10dc25459790.png from path ./src/public/img/members/543403fab61d10dc25459790.png","timestamp":"2014-10-07T22:13:07.842Z"}
{"error":null,"level":"error","message":"storeImage(id, image): Error deleting the file 54340462c4749c0c2aa902aa.png from path ./src/public/img/members/54340462c4749c0c2aa902aa.png","timestamp":"2014-10-07T22:13:15.322Z"}
{"error":null,"level":"error","message":"storeImage(id, image): Error deleting the file 54340462c4749c0c2aa902aa.png from path ./src/public/img/members/54340462c4749c0c2aa902aa.png","timestamp":"2014-10-07T22:13:31.882Z"}
{"error":null,"level":"error","message":"storeImage(id, image): Error deleting the file 5451075987e7821c0d4efa05.png from path ./src/public/img/members/5451075987e7821c0d4efa05.png","timestamp":"2014-10-29T15:27:21.201Z"}
{"error":null,"level":"error","message":"storeImage(id, image): Error deleting the file 5451078387e7821c0d4efa06.png from path ./src/public/img/members/5451078387e7821c0d4efa06.png","timestamp":"2014-10-29T15:28:03.864Z"}
{"error":null,"level":"error","message":"storeImage(id, image): Error deleting the file 5451078b87e7821c0d4efa07.png from path ./src/public/img/members/5451078b87e7821c0d4efa07.png","timestamp":"2014-10-29T15:28:11.654Z"}
{"error":null,"level":"error","message":"storeImage(id, image): Error deleting the file 5451078e87e7821c0d4efa08.png from path ./src/public/img/members/5451078e87e7821c0d4efa08.png","timestamp":"2014-10-29T15:28:14.670Z"}
{"error":null,"level":"error","message":"storeImage(id, image): Error deleting the file 5451079187e7821c0d4efa09.png from path ./src/public/img/members/5451079187e7821c0d4efa09.png","timestamp":"2014-10-29T15:28:17.559Z"}
{"error":null,"level":"error","message":"storeImage(id, image): Error deleting the file 5451079e87e7821c0d4efa0a.png from path ./src/public/img/members/5451079e87e7821c0d4efa0a.png","timestamp":"2014-10-29T15:28:30.620Z"}
{"error":null,"level":"error","message":"storeImage(id, image): Error deleting the file 545107bd87e7821c0d4efa0b.png from path ./src/public/img/members/545107bd87e7821c0d4efa0b.png","timestamp":"2014-10-29T15:29:01.108Z"}
{"error":null,"level":"error","message":"storeImage(id, image): Error deleting the file 543403fab61d10dc25459790.png from path ./src/public/img/members/543403fab61d10dc25459790.png","timestamp":"2014-10-30T11:55:03.456Z"}
{"error":null,"level":"error","message":"storeImage(id, image): Error deleting the file 54340462c4749c0c2aa902aa.png from path ./src/public/img/members/54340462c4749c0c2aa902aa.png","timestamp":"2014-10-30T11:55:08.117Z"}
{"error":null,"level":"error","message":"storeImage(id, image): Error deleting the file 54340482c4749c0c2aa902ab.png from path ./src/public/img/members/54340482c4749c0c2aa902ab.png","timestamp":"2014-10-30T11:55:13.875Z"}
{"error":null,"level":"error","message":"storeImage(id, image): Error deleting the file 543404ed2fce98e024c2194a.png from path ./src/public/img/members/543404ed2fce98e024c2194a.png","timestamp":"2014-10-30T11:55:23.098Z"}
{"error":null,"level":"error","message":"storeImage(id, image): Error deleting the file 543405167a902fa423025ccb.png from path ./src/public/img/members/543405167a902fa423025ccb.png","timestamp":"2014-10-30T11:55:32.860Z"}
{"error":null,"level":"error","message":"storeImage(id, image): Error deleting the file undefined.png from path ./src/public/img/articles/undefined.png","timestamp":"2014-10-31T13:03:37.367Z"}
{"error":null,"level":"error","message":"storeImage(id, image): Error deleting the file 545393359d3ca6cc18a2301b.png from path ./src/public/img/articles/545393359d3ca6cc18a2301b.png","timestamp":"2014-10-31T13:48:37.720Z"}
{"error":null,"level":"error","message":"storeImage(id, image): Error deleting the file 5453b9fbe739b54027cb35e1.png from path ./src/public/img/members/5453b9fbe739b54027cb35e1.png","timestamp":"2014-10-31T16:34:15.134Z"}
{"error":null,"level":"error","message":"deleteImage(id): Error deleting the file 5453b9fbe739b54027cb35e1.png from path ./src/public/img/members/5453b9fbe739b54027cb35e1.png","timestamp":"2014-10-31T16:34:18.651Z"}
{"error":null,"level":"error","message":"storeImage(id, image): Error deleting the file 545388deda8780081f5a5248.png from path ./src/public/img/articles/545388deda8780081f5a5248.png","timestamp":"2014-11-01T17:13:51.409Z"}
{"error":null,"level":"error","message":"storeImage(id, image): Error deleting the file 53dd57af912bb3342aef7ec5.png from path ./src/public/img/articles/53dd57af912bb3342aef7ec5.png","timestamp":"2014-11-01T17:14:32.494Z"}
{"error":null,"level":"error","message":"storeImage(id, image): Error deleting the file 53dd57af912bb3342aef7ec5.png from path ./src/public/img/articles/53dd57af912bb3342aef7ec5.png","timestamp":"2014-11-01T17:14:53.059Z"}
{"error":null,"level":"error","message":"storeImage(id, image): Error deleting the file 53dd57af912bb3342aef7ec5.png from path ./src/public/img/articles/53dd57af912bb3342aef7ec5.png","timestamp":"2014-11-01T17:15:18.308Z"}
{"error":null,"level":"error","message":"storeImage(id, image): Error deleting the file 54567d4415ac95681c2d95fd.png from path ./src/public/img/articles/54567d4415ac95681c2d95fd.png","timestamp":"2014-11-02T18:51:48.493Z"}
{"level":"info","message":"Starting Server in mode: development","timestamp":"2015-01-25T18:11:02.198Z"}
{"level":"info","message":"Starting Server in mode: development","timestamp":"2015-01-25T18:11:18.973Z"}
{"level":"info","message":"Starting Server in mode: development","timestamp":"2015-01-25T18:12:21.263Z"}
{"level":"info","message":"Starting Server in mode: development","timestamp":"2015-01-25T18:18:43.591Z"}
{"level":"info","message":"Starting Server in mode: development","timestamp":"2015-01-25T18:19:09.329Z"}
{"level":"info","message":"Starting Server in mode: development","timestamp":"2015-01-25T18:20:55.167Z"}
{"level":"info","message":"Starting Server in mode: development","timestamp":"2015-01-25T18:23:49.244Z"}
{"level":"info","message":"Starting Server in mode: development","timestamp":"2015-01-25T18:55:02.142Z"}
{"level":"info","message":"Starting Server in mode: development","timestamp":"2015-01-25T19:04:29.368Z"}
{"level":"info","message":"Starting Server in mode: development","timestamp":"2015-01-25T19:04:38.008Z"}
{"level":"info","message":"Starting Server in mode: development","timestamp":"2015-01-25T19:04:44.805Z"}
{"level":"info","message":"Starting Server in mode: development","timestamp":"2015-01-25T19:05:04.336Z"}
{"level":"info","message":"Starting Server in mode: development","timestamp":"2015-01-25T19:07:34.098Z"}
{"level":"info","message":"Starting Server in mode: development","timestamp":"2015-01-25T19:07:55.568Z"}
{"level":"info","message":"Starting Server in mode: development","timestamp":"2015-01-25T19:08:21.257Z"}
{"level":"info","message":"Starting Server in mode: development","timestamp":"2015-01-25T19:09:22.346Z"}
{"level":"info","message":"Starting Server in mode: development","timestamp":"2015-01-25T19:09:39.647Z"}
{"level":"info","message":"Starting Server in mode: development","timestamp":"2015-01-25T19:10:47.630Z"}
{"level":"info","message":"Starting Server in mode: development","timestamp":"2015-01-25T19:14:17.130Z"}
{"level":"info","message":"Starting Server in mode: development","timestamp":"2015-01-25T19:14:28.036Z"}
{"level":"info","message":"Starting Server in mode: development","timestamp":"2015-01-25T19:15:37.746Z"}
{"level":"info","message":"Starting Server in mode: development","timestamp":"2015-01-25T19:15:52.608Z"}
{"level":"info","message":"Starting Server in mode: development","timestamp":"2015-01-25T19:26:01.972Z"}
{"level":"info","message":"Starting Server in mode: development","timestamp":"2015-01-25T19:28:01.094Z"}
{"level":"info","message":"Starting Server in mode: development","timestamp":"2015-01-25T19:31:33.573Z"}
{"level":"info","message":"Starting Server in mode: development","timestamp":"2015-01-25T19:31:52.516Z"}
{"level":"info","message":"Starting Server in mode: development","timestamp":"2015-01-25T19:31:57.074Z"}
{"level":"info","message":"Starting Server in mode: development","timestamp":"2015-01-25T19:32:35.395Z"}
{"level":"info","message":"Starting Server in mode: development","timestamp":"2015-01-25T19:33:32.037Z"}
{"level":"info","message":"Starting Server in mode: development","timestamp":"2015-01-25T19:34:07.801Z"}
{"level":"info","message":"Starting Server in mode: development","timestamp":"2015-01-25T19:34:18.483Z"}
{"level":"info","message":"Starting Server in mode: development","timestamp":"2015-01-25T19:35:00.817Z"}
{"level":"info","message":"Starting Server in mode: development","timestamp":"2015-01-25T19:35:22.389Z"}
{"level":"info","message":"Starting Server in mode: development","timestamp":"2015-01-25T19:37:11.678Z"}
{"level":"info","message":"Starting Server in mode: development","timestamp":"2015-01-25T19:37:22.329Z"}
{"level":"info","message":"Starting Server in mode: development","timestamp":"2015-01-25T19:37:35.439Z"}
{"level":"info","message":"Starting Server in mode: development","timestamp":"2015-01-25T19:39:05.401Z"}
{"level":"info","message":"Starting Server in mode: development","timestamp":"2015-01-25T19:42:20.837Z"}
{"level":"info","message":"Starting Server in mode: development","timestamp":"2015-01-25T19:43:03.044Z"}
{"level":"info","message":"Starting Server in mode: development","timestamp":"2015-01-25T19:44:38.291Z"}
{"level":"info","message":"Starting Server in mode: development","timestamp":"2015-01-25T19:49:10.261Z"}
{"level":"info","message":"Starting Server in mode: development","timestamp":"2015-01-25T19:49:49.130Z"}
{"level":"info","message":"Starting Server in mode: development","timestamp":"2015-01-25T19:50:53.106Z"}
{"level":"info","message":"Starting Server in mode: development","timestamp":"2015-01-25T19:51:39.007Z"}
{"level":"info","message":"Starting Server in mode: development","timestamp":"2015-01-26T18:04:04.715Z"}
{"level":"info","message":"Starting Server in mode: development","timestamp":"2015-01-26T18:05:16.863Z"}
{"level":"info","message":"Starting Server in mode: development","timestamp":"2015-01-26T18:08:01.524Z"}
{"level":"info","message":"Starting Server in mode: development","timestamp":"2015-01-26T18:09:05.064Z"}
{"level":"info","message":"Starting Server in mode: development","timestamp":"2015-01-26T18:09:13.396Z"}
{"level":"info","message":"Starting Server in mode: development","timestamp":"2015-01-26T18:11:09.709Z"}
{"level":"info","message":"Starting Server in mode: development","timestamp":"2015-01-26T18:11:27.361Z"}
{"level":"info","message":"Starting Server in mode: development","timestamp":"2015-01-26T18:11:39.112Z"}
{"level":"info","message":"Starting Server in mode: development","timestamp":"2015-01-26T18:11:46.998Z"}
{"level":"info","message":"Starting Server in mode: development","timestamp":"2015-01-26T18:11:57.014Z"}
{"level":"info","message":"Starting Server in mode: development","timestamp":"2015-01-26T18:12:21.863Z"}
{"level":"info","message":"Starting Server in mode: development","timestamp":"2015-01-26T18:15:41.874Z"}
{"level":"info","message":"Starting Server in mode: development","timestamp":"2015-01-26T18:16:14.682Z"}
{"level":"info","message":"Starting Server in mode: development","timestamp":"2015-01-26T18:16:32.911Z"}
{"level":"info","message":"Starting Server in mode: development","timestamp":"2015-01-26T18:17:41.532Z"}
{"level":"info","message":"Starting Server in mode: development","timestamp":"2015-01-26T18:17:55.568Z"}
{"level":"info","message":"Starting Server in mode: development","timestamp":"2015-01-26T18:18:09.369Z"}
{"level":"info","message":"Starting Server in mode: development","timestamp":"2015-01-26T18:18:25.750Z"}
{"level":"info","message":"Starting Server in mode: development","timestamp":"2015-01-26T18:19:25.579Z"}
{"level":"info","message":"Starting Server in mode: development","timestamp":"2015-01-26T18:20:16.598Z"}
{"level":"info","message":"Starting Server in mode: development","timestamp":"2015-01-26T18:20:26.452Z"}
{"level":"info","message":"Starting Server in mode: development","timestamp":"2015-01-26T18:20:57.804Z"}
{"level":"info","message":"Starting Server in mode: development","timestamp":"2015-01-26T18:21:12.890Z"}
{"level":"info","message":"Starting Server in mode: development","timestamp":"2015-01-26T18:21:34.940Z"}
{"level":"info","message":"Starting Server in mode: development","timestamp":"2015-01-26T18:21:42.315Z"}
{"level":"info","message":"Starting Server in mode: development","timestamp":"2015-01-26T18:22:20.490Z"}
{"level":"info","message":"Starting Server in mode: development","timestamp":"2015-01-26T18:22:29.726Z"}
{"level":"info","message":"Starting Server in mode: development","timestamp":"2015-01-26T18:22:55.957Z"}
{"level":"info","message":"Starting Server in mode: development","timestamp":"2015-01-26T18:23:20.807Z"}
{"level":"info","message":"Starting Server in mode: development","timestamp":"2015-01-26T18:23:47.084Z"}
{"level":"info","message":"Starting Server in mode: development","timestamp":"2015-01-26T18:24:31.945Z"}
{"level":"info","message":"Starting Server in mode: development","timestamp":"2015-01-26T18:26:04.840Z"}
{"level":"info","message":"Starting Server in mode: development","timestamp":"2015-01-26T18:27:38.492Z"}
{"level":"info","message":"Starting Server in mode: development","timestamp":"2015-01-26T18:28:24.982Z"}
{"level":"info","message":"Starting Server in mode: development","timestamp":"2015-01-26T18:29:48.374Z"}
{"level":"info","message":"Starting Server in mode: development","timestamp":"2015-01-26T18:30:06.452Z"}
{"level":"info","message":"Starting Server in mode: development","timestamp":"2015-01-26T18:31:06.995Z"}
{"level":"info","message":"Starting Server in mode: development","timestamp":"2015-01-26T18:31:20.685Z"}
{"level":"info","message":"Starting Server in mode: development","timestamp":"2015-01-26T18:32:30.769Z"}
{"level":"info","message":"Starting Server in mode: development","timestamp":"2015-01-26T18:32:53.480Z"}
{"level":"info","message":"Starting Server in mode: development","timestamp":"2015-01-26T18:33:07.503Z"}
{"level":"info","message":"Starting Server in mode: development","timestamp":"2015-01-26T18:33:14.970Z"}
{"level":"info","message":"Starting Server in mode: development","timestamp":"2015-01-26T18:33:37.594Z"}
{"level":"info","message":"Starting Server in mode: development","timestamp":"2015-01-26T18:37:00.722Z"}
{"level":"info","message":"Starting Server in mode: development","timestamp":"2015-01-26T18:37:55.043Z"}
{"level":"info","message":"Starting Server in mode: development","timestamp":"2015-01-26T18:38:36.287Z"}
{"level":"info","message":"Starting Server in mode: development","timestamp":"2015-01-26T18:39:15.456Z"}
{"level":"info","message":"Starting Server in mode: development","timestamp":"2015-01-26T18:39:51.767Z"}
{"level":"info","message":"Starting Server in mode: development","timestamp":"2015-01-26T18:40:24.950Z"}
{"level":"info","message":"Starting Server in mode: development","timestamp":"2015-01-26T18:40:38.711Z"}
{"level":"info","message":"Starting Server in mode: development","timestamp":"2015-01-26T18:40:44.226Z"}
{"level":"info","message":"Starting Server in mode: development","timestamp":"2015-01-26T18:40:53.794Z"}
{"level":"info","message":"Starting Server in mode: development","timestamp":"2015-01-26T18:40:59.138Z"}
{"level":"info","message":"Starting Server in mode: development","timestamp":"2015-01-26T18:41:21.884Z"}
{"level":"info","message":"Starting Server in mode: development","timestamp":"2015-01-26T18:42:37.528Z"}
{"level":"info","message":"Starting Server in mode: development","timestamp":"2015-01-26T18:43:08.645Z"}
{"level":"info","message":"Starting Server in mode: development","timestamp":"2015-01-26T18:43:20.501Z"}
{"level":"info","message":"Starting Server in mode: development","timestamp":"2015-01-26T18:43:57.670Z"}
{"level":"info","message":"Starting Server in mode: development","timestamp":"2015-01-26T18:44:17.917Z"}
{"level":"info","message":"Starting Server in mode: development","timestamp":"2015-01-26T18:44:37.996Z"}
{"level":"info","message":"Starting Server in mode: development","timestamp":"2015-01-26T18:45:10.751Z"}
{"level":"info","message":"Starting Server in mode: development","timestamp":"2015-01-26T18:45:32.662Z"}
{"level":"info","message":"Starting Server in mode: development","timestamp":"2015-01-26T18:45:37.903Z"}
{"level":"info","message":"Starting Server in mode: development","timestamp":"2015-01-26T18:45:45.212Z"}
{"level":"info","message":"Starting Server in mode: development","timestamp":"2015-01-26T18:46:03.515Z"}
{"level":"info","message":"Starting Server in mode: development","timestamp":"2015-01-26T18:46:36.969Z"}
{"level":"info","message":"Starting Server in mode: development","timestamp":"2015-01-26T18:48:25.430Z"}
{"level":"info","message":"Starting Server in mode: development","timestamp":"2015-01-26T18:49:24.107Z"}
{"level":"info","message":"Starting Server in mode: development","timestamp":"2015-01-26T18:49:52.622Z"}
{"level":"info","message":"Starting Server in mode: development","timestamp":"2015-01-26T18:50:20.222Z"}
{"level":"info","message":"Starting Server in mode: development","timestamp":"2015-01-26T18:51:15.659Z"}
{"level":"info","message":"Starting Server in mode: development","timestamp":"2015-01-26T18:51:27.867Z"}
{"level":"info","message":"Starting Server in mode: development","timestamp":"2015-01-26T18:52:15.665Z"}
{"level":"info","message":"Starting Server in mode: development","timestamp":"2015-01-26T18:52:21.012Z"}
{"level":"info","message":"Starting Server in mode: development","timestamp":"2015-01-26T18:52:58.374Z"}
{"level":"info","message":"Starting Server in mode: development","timestamp":"2015-01-26T18:54:02.559Z"}
{"level":"info","message":"Starting Server in mode: development","timestamp":"2015-01-26T18:54:29.122Z"}
{"level":"info","message":"Starting Server in mode: development","timestamp":"2015-01-26T18:54:56.092Z"}
{"level":"info","message":"Starting Server in mode: development","timestamp":"2015-01-26T18:56:21.580Z"}
{"level":"info","message":"Starting Server in mode: development","timestamp":"2015-01-26T18:59:05.762Z"}
{"level":"info","message":"Starting Server in mode: development","timestamp":"2015-01-26T18:59:13.442Z"}
{"level":"info","message":"Starting Server in mode: development","timestamp":"2015-01-26T19:15:11.402Z"}
{"level":"info","message":"Starting Server in mode: development","timestamp":"2015-01-26T19:17:56.078Z"}
{"level":"info","message":"Starting Server in mode: development","timestamp":"2015-01-26T19:18:33.292Z"}
{"level":"info","message":"Starting Server in mode: development","timestamp":"2015-01-26T19:24:02.102Z"}
{"level":"info","message":"Starting Server in mode: development","timestamp":"2015-01-26T19:24:37.707Z"}
{"level":"info","message":"Starting Server in mode: development","timestamp":"2015-01-26T19:24:47.491Z"}
{"level":"info","message":"Starting Server in mode: development","timestamp":"2015-01-26T19:25:00.789Z"}
{"level":"info","message":"Starting Server in mode: development","timestamp":"2015-01-26T19:26:23.805Z"}
{"level":"info","message":"Starting Server in mode: development","timestamp":"2015-01-26T19:27:09.522Z"}
{"level":"info","message":"Starting Server in mode: development","timestamp":"2015-01-26T19:28:39.531Z"}
{"level":"info","message":"Starting Server in mode: development","timestamp":"2015-01-26T19:30:41.467Z"}
{"level":"info","message":"Starting Server in mode: development","timestamp":"2015-01-26T19:31:12.044Z"}
{"level":"info","message":"Starting Server in mode: development","timestamp":"2015-01-26T19:31:27.842Z"}
{"level":"info","message":"Starting Server in mode: development","timestamp":"2015-02-01T16:00:04.226Z"}
{"level":"info","message":"Starting Server in mode: development","timestamp":"2015-02-01T16:02:12.360Z"}
{"level":"info","message":"Starting Server in mode: development","timestamp":"2015-02-01T16:02:22.873Z"}
{"level":"info","message":"Starting Server in mode: development","timestamp":"2015-02-01T16:32:56.980Z"}
{"level":"info","message":"Starting Server in mode: development","timestamp":"2015-02-01T16:33:48.342Z"}
{"level":"info","message":"Starting Server in mode: development","timestamp":"2015-02-01T16:44:31.854Z"}
{"level":"info","message":"Starting Server in mode: development","timestamp":"2015-02-01T17:31:05.004Z"}
{"level":"info","message":"Starting Server in mode: development","timestamp":"2015-02-01T17:31:30.429Z"}
{"level":"info","message":"Starting Server in mode: development","timestamp":"2015-02-01T17:31:37.896Z"}
{"level":"info","message":"Starting Server in mode: development","timestamp":"2015-02-01T17:48:30.136Z"}
{"level":"info","message":"Starting Server in mode: development","timestamp":"2015-02-01T17:49:55.964Z"}
{"level":"info","message":"Starting Server in mode: development","timestamp":"2015-02-01T17:50:29.447Z"}
{"level":"info","message":"Starting Server in mode: development","timestamp":"2015-02-01T17:50:51.789Z"}
{"level":"info","message":"Starting Server in mode: development","timestamp":"2015-02-01T17:51:53.040Z"}
{"level":"info","message":"Starting Server in mode: development","timestamp":"2015-02-01T17:52:21.512Z"}
{"level":"info","message":"Starting Server in mode: development","timestamp":"2015-02-01T17:52:51.037Z"}
{"level":"info","message":"Starting Server in mode: development","timestamp":"2015-02-01T17:53:52.544Z"}
{"level":"info","message":"Starting Server in mode: development","timestamp":"2015-02-01T18:02:15.473Z"}
{"level":"info","message":"Starting Server in mode: development","timestamp":"2015-02-01T18:02:28.258Z"}
{"level":"info","message":"Starting Server in mode: development","timestamp":"2015-02-01T18:03:29.113Z"}
{"level":"info","message":"Starting Server in mode: development","timestamp":"2015-02-01T18:04:19.830Z"}
{"level":"info","message":"Starting Server in mode: development","timestamp":"2015-02-01T18:06:49.572Z"}
{"level":"info","message":"Starting Server in mode: development","timestamp":"2015-02-01T18:07:30.112Z"}
{"level":"info","message":"Starting Server in mode: development","timestamp":"2015-02-01T18:07:41.852Z"}
{"level":"info","message":"Starting Server in mode: development","timestamp":"2015-02-01T18:08:12.449Z"}
{"level":"info","message":"Starting Server in mode: development","timestamp":"2015-02-01T18:08:23.191Z"}
{"level":"info","message":"Starting Server in mode: development","timestamp":"2015-02-01T18:09:15.722Z"}
{"level":"info","message":"Starting Server in mode: development","timestamp":"2015-02-01T18:09:55.998Z"}
{"level":"info","message":"Starting Server in mode: development","timestamp":"2015-02-01T18:10:00.826Z"}
{"level":"info","message":"Starting Server in mode: development","timestamp":"2015-02-01T18:11:17.766Z"}
{"level":"info","message":"Starting Server in mode: development","timestamp":"2015-02-01T18:11:34.500Z"}
{"level":"info","message":"Starting Server in mode: development","timestamp":"2015-02-01T18:11:38.921Z"}
{"level":"info","message":"Starting Server in mode: development","timestamp":"2015-02-01T18:13:44.826Z"}
{"level":"info","message":"Starting Server in mode: development","timestamp":"2015-02-01T18:14:18.134Z"}
{"level":"info","message":"Starting Server in mode: development","timestamp":"2015-02-01T18:14:28.356Z"}
{"level":"info","message":"Starting Server in mode: development","timestamp":"2015-02-01T18:15:03.683Z"}
{"level":"info","message":"Starting Server in mode: development","timestamp":"2015-02-01T18:16:13.191Z"}
{"level":"info","message":"Starting Server in mode: development","timestamp":"2015-02-01T18:16:56.019Z"}
{"level":"info","message":"Starting Server in mode: development","timestamp":"2015-02-01T18:17:34.315Z"}
{"level":"info","message":"Starting Server in mode: development","timestamp":"2015-02-01T18:19:41.973Z"}
{"level":"info","message":"Starting Server in mode: development","timestamp":"2015-02-01T18:20:01.359Z"}
{"level":"info","message":"Starting Server in mode: development","timestamp":"2015-02-01T18:20:36.555Z"}
{"level":"info","message":"Starting Server in mode: development","timestamp":"2015-02-01T18:21:21.472Z"}
{"level":"info","message":"Starting Server in mode: development","timestamp":"2015-02-01T18:21:45.384Z"}
{"level":"info","message":"Starting Server in mode: development","timestamp":"2015-02-01T18:22:04.202Z"}
{"level":"info","message":"Starting Server in mode: development","timestamp":"2015-02-01T18:22:14.894Z"}
{"level":"info","message":"Starting Server in mode: development","timestamp":"2015-02-01T18:22:38.887Z"}
{"level":"info","message":"Starting Server in mode: development","timestamp":"2015-02-01T18:23:28.258Z"}
{"level":"info","message":"Starting Server in mode: development","timestamp":"2015-02-01T18:25:30.770Z"}
{"level":"info","message":"Starting Server in mode: development","timestamp":"2015-02-01T18:25:58.176Z"}
{"level":"info","message":"Starting Server in mode: development","timestamp":"2015-02-01T18:26:36.752Z"}
{"level":"info","message":"Starting Server in mode: development","timestamp":"2015-02-01T18:27:21.655Z"}
{"level":"info","message":"Starting Server in mode: development","timestamp":"2015-02-01T18:28:43.928Z"}
{"level":"info","message":"Starting Server in mode: development","timestamp":"2015-02-01T18:46:54.750Z"}
{"level":"info","message":"Starting Server in mode: development","timestamp":"2015-02-01T18:47:49.094Z"}
{"level":"info","message":"Starting Server in mode: development","timestamp":"2015-02-01T18:49:21.876Z"}
{"level":"info","message":"Starting Server in mode: development","timestamp":"2015-02-01T18:49:47.176Z"}
{"level":"info","message":"Starting Server in mode: development","timestamp":"2015-02-01T18:55:41.910Z"}
{"level":"info","message":"Starting Server in mode: development","timestamp":"2015-02-01T18:57:49.546Z"}
{"level":"info","message":"Starting Server in mode: development","timestamp":"2015-02-01T18:59:57.865Z"}
{"level":"info","message":"Starting Server in mode: development","timestamp":"2015-02-01T19:01:45.116Z"}
{"level":"info","message":"Starting Server in mode: development","timestamp":"2015-02-01T19:03:30.087Z"}
{"level":"info","message":"Starting Server in mode: development","timestamp":"2015-02-01T19:03:36.638Z"}
{"level":"info","message":"Starting Server in mode: development","timestamp":"2015-02-01T19:03:41.059Z"}
{"level":"info","message":"Starting Server in mode: development","timestamp":"2015-02-01T19:04:03.935Z"}
{"level":"info","message":"Starting Server in mode: development","timestamp":"2015-02-01T19:08:15.708Z"}
{"level":"info","message":"Starting Server in mode: development","timestamp":"2015-02-01T19:08:51.171Z"}
{"level":"info","message":"Starting Server in mode: development","timestamp":"2015-02-01T19:09:24.182Z"}
{"level":"info","message":"Starting Server in mode: development","timestamp":"2015-02-01T19:10:31.056Z"}
{"level":"info","message":"Starting Server in mode: development","timestamp":"2015-02-01T19:11:08.972Z"}
{"level":"info","message":"Starting Server in mode: development","timestamp":"2015-02-01T19:13:00.634Z"}
